<?xml version="1.0" encoding="UTF-8"?>
<!-- Generated by org.testng.reporters.JUnitXMLReporter -->
<testsuite ignored="0" hostname="LAPTOP-CNG635MQ" failures="0" tests="3" name="Default test" time="13.729" errors="0" timestamp="26 Feb 2025 23:53:53 GMT">
  <testcase classname="com.udemy.java.test.HoverableDropdownTest" name="dropdownTest" time="3.704"/>
  <testcase classname="com.udemy.java.test.HoverableDropdownTest" name="dropdownTest" time="3.583"/>
  <testcase classname="com.udemy.java.test.HoverableDropdownTest" name="dropdownTest" time="3.769"/>
</testsuite> <!-- Default test -->
