<?xml version="1.0" encoding="UTF-8"?>
<testng-results ignored="0" total="3" passed="3" failed="0" skipped="0">
  <reporter-output>
  </reporter-output>
  <suite started-at="2025-02-26T23:53:39Z" name="Default suite" finished-at="2025-02-26T23:53:53Z" duration-ms="13729">
    <groups>
    </groups>
    <test started-at="2025-02-26T23:53:39Z" name="Default test" finished-at="2025-02-26T23:53:53Z" duration-ms="13729">
      <class name="com.udemy.java.test.HoverableDropdownTest">
        <test-method is-config="true" signature="setDriver(java.lang.String)[pri:0, instance:com.udemy.java.test.HoverableDropdownTest@479460a6]" started-at="2025-02-26T23:53:39Z" name="setDriver" finished-at="2025-02-26T23:53:41Z" duration-ms="2298" status="PASS">
          <params>
            <param index="0">
              <value>
                <![CDATA[chrome]]>
              </value>
            </param>
          </params>
          <reporter-output>
          </reporter-output>
        </test-method> <!-- setDriver -->
        <test-method signature="dropdownTest(java.lang.String)[pri:0, instance:com.udemy.java.test.HoverableDropdownTest@479460a6]" started-at="2025-02-26T23:53:41Z" name="dropdownTest" data-provider="linkProvider" finished-at="2025-02-26T23:53:45Z" duration-ms="3704" status="PASS">
          <params>
            <param index="0">
              <value>
                <![CDATA[Dropdown => Dropdown Link 2]]>
              </value>
            </param>
          </params>
          <reporter-output>
          </reporter-output>
        </test-method> <!-- dropdownTest -->
        <test-method signature="dropdownTest(java.lang.String)[pri:0, instance:com.udemy.java.test.HoverableDropdownTest@479460a6]" started-at="2025-02-26T23:53:45Z" name="dropdownTest" data-provider="linkProvider" finished-at="2025-02-26T23:53:48Z" duration-ms="3583" status="PASS">
          <params>
            <param index="0">
              <value>
                <![CDATA[Dropdown => Dropdown Link 5 => Dropdown Submenu Link 5.1]]>
              </value>
            </param>
          </params>
          <reporter-output>
          </reporter-output>
        </test-method> <!-- dropdownTest -->
        <test-method signature="dropdownTest(java.lang.String)[pri:0, instance:com.udemy.java.test.HoverableDropdownTest@479460a6]" started-at="2025-02-26T23:53:48Z" name="dropdownTest" data-provider="linkProvider" finished-at="2025-02-26T23:53:52Z" duration-ms="3769" status="PASS">
          <params>
            <param index="0">
              <value>
                <![CDATA[Dropdown => Dropdown Link 5 => Dropdown Submenu Link 5.4 => Dropdown Submenu Link 5.4.2]]>
              </value>
            </param>
          </params>
          <reporter-output>
          </reporter-output>
        </test-method> <!-- dropdownTest -->
        <test-method is-config="true" signature="quitDriver()[pri:0, instance:com.udemy.java.test.HoverableDropdownTest@479460a6]" started-at="2025-02-26T23:53:52Z" name="quitDriver" finished-at="2025-02-26T23:53:53Z" duration-ms="344" status="PASS">
          <reporter-output>
          </reporter-output>
        </test-method> <!-- quitDriver -->
      </class> <!-- com.udemy.java.test.HoverableDropdownTest -->
    </test> <!-- Default test -->
  </suite> <!-- Default suite -->
</testng-results>
